Sencha Cmd 6.1.3.42 - Crash report
================================================
An error occurred while executing the following command: build development

Diagnostic information:
=======================
                         app.archivePath : archive                                           
                      app.bootstrap.base : C:\SenchaTraining\ext-6-premium\iss               
                       app.bootstrap.css : bootstrap.css                                     
               app.bootstrap.microloader : bootstrap.js                                      
                        app.cache.deltas : true                                              
                        app.cache.enable : false                                             
                           app.classpath : app                                               
                         app.classpath.0 : app                                               
                    app.classpath.length : 1                                                 
                         app.cmd.version : 6.1.3.42                                          
                          app.config.dir : C:\SenchaTraining\ext-6-premium\iss\.sencha\app   
                app.cordova.cache.enable : false                                             
                   app.cordova.config.id : com.domain.ISS                                    
                 app.cordova.config.name : ISS                                               
                 app.cordova.config.path : C:\SenchaTraining\ext-6-premium\iss/cordova       
               app.cordova.config.target :                                                   
              app.cordova.config.verbose : false                                             
                   app.cordova.js.0.path : cordova.js                                        
               app.cordova.js.0.priority : 1000                                              
                 app.cordova.js.0.remote : true                                              
                   app.cordova.js.length : 1                                                 
                 app.cordova.microloader : C:\SenchaTraining\ext-6-premium\iss\.sencha\app/Microloader.js
      app.cordova.output.appCache.enable : false                                             
                 app.cordova.output.base : C:\SenchaTraining\ext-6-premium\iss/cordova/www   
             app.cordova.output.manifest : ${build.id}.json                                  
                 app.cordova.output.page : index.html                                        
                    app.development.tags :                                                   
             app.development.tags.length : 0                                                 
                                 app.dir : C:\SenchaTraining\ext-6-premium\iss               
              app.fashion.inliner.enable : false                                             
                           app.framework : ext                                               
                   app.framework.version : 6.0.1.250                                         
                                  app.id : fe154095-f07c-421e-8df3-e1cc238c91d7              
                       app.indexHtmlPath : index.html                                        
                        app.loader.cache : false                                             
                   app.loader.cacheParam : _dc                                               
                                app.name : ISS                                               
              app.output.appCache.enable : false                                             
                         app.output.base : C:\SenchaTraining\ext-6-premium/build/${build.environment}/ISS
           app.output.microloader.enable : true                                              
                           app.overrides : overrides                                         
                         app.overrides.0 : overrides                                         
                    app.overrides.length : 1                                                 
               app.phonegap.cache.enable : false                                             
                  app.phonegap.config.id : com.domain.ISS                                    
                app.phonegap.config.name : ISS                                               
                app.phonegap.config.path : C:\SenchaTraining\ext-6-premium\iss/phonegap      
              app.phonegap.config.remote : false                                             
             app.phonegap.config.verbose : false                                             
                  app.phonegap.js.0.path : cordova.js                                        
              app.phonegap.js.0.priority : 1000                                              
                app.phonegap.js.0.remote : true                                              
                  app.phonegap.js.length : 1                                                 
                app.phonegap.microloader : C:\SenchaTraining\ext-6-premium\iss\.sencha\app/Microloader.js
     app.phonegap.output.appCache.enable : false                                             
                app.phonegap.output.base : C:\SenchaTraining\ext-6-premium\iss/phonegap/www  
            app.phonegap.output.manifest : ${build.id}.json                                  
                app.phonegap.output.page : index.html                                        
             app.production.cache.enable : true                                              
          app.production.compressor.type : yui                                               
             app.production.loader.cache : ${build.timestamp}                                
   app.production.output.appCache.enable : true                                              
     app.production.output.appCache.path : cache.appcache                                    
                      app.requires.names : ext,core,modern,font-awesome,font-ext             
                   app.requires.packages : C:\SenchaTraining\ext-6-premium\ext,C:\SenchaTraining\ext-6-premium\ext\packages\core,C:\SenchaTraining\ext-6-premium\ext\modern\modern,C:\SenchaTraining\ext-6-premium\ext\packages\font-awesome,C:\SenchaTraining\ext-6-premium\ext\packages\font-ext
                      app.resource.paths :                                                   
                        app.sass.dynamic : true                                              
                            app.sass.etc : sass/etc/all.scss                                 
                          app.sass.etc.0 : sass/etc/all.scss                                 
                     app.sass.etc.length : 1                                                 
                      app.sass.namespace : ISS                                               
                            app.sass.src : sass/src                                          
                          app.sass.src.0 : sass/src                                          
                     app.sass.src.length : 1                                                 
                            app.sass.var : sass/var/all.scss,sass/var                        
                          app.sass.var.0 : sass/var/all.scss                                 
                          app.sass.var.1 : sass/var                                          
                     app.sass.var.length : 2                                                 
                 app.slicer.cache.enable : false                                             
        app.slicer.js.0.isWidgetManifest : true                                              
                    app.slicer.js.0.path : sass/example/custom.js                            
                    app.slicer.js.length : 1                                                 
       app.slicer.output.appCache.enable : false                                             
                               app.theme : theme-triton                                      
                             app.toolkit : modern                                            
                             app.version : 1.0.0.0                                           
                    buildenvironment.dir : C:\SenchaTraining\ext-6-premium\iss               
               buildenvironment.load.dir : C:\SenchaTraining\ext-6-premium\iss               
                          cmd.config.dir : C:\Users\petzoldt\bin\Sencha\Cmd\6.1.3.42         
                                 cmd.dir : C:\Users\petzoldt\bin\Sencha\Cmd\6.1.3.42         
                    cmd.framework.minver : 5.5.0                                             
                   cmd.framework.version : 99.99                                             
                            cmd.jvm.args : -Xms128m -Xmx1024m -Dapple.awt.UIElement=true     
              cmd.merge.tool.args.araxis : -wait -merge -3 -a1 {base} {user} {generated} {out}
              cmd.merge.tool.args.kdiff3 : {base} {user} {generated} -o {out}                
             cmd.merge.tool.args.p4merge : {base} {user} {generated} {out}                   
           cmd.merge.tool.args.smartsync : {user} {generated} {base}                         
          cmd.merge.tool.args.sourcegear : --merge --result={out} {user} {base} {generated}  
            cmd.merge.tool.args.tortoise : -base:{base} -theirs:{generated} -mine:{user} -merged:{out}
                              cmd.minver : 3.0.0.0                                           
                            cmd.platform : windows                                           
                     cmd.unicode.escapes : C:\Users\petzoldt\bin\Sencha\Cmd\6.1.3.42/unicode-escapes.json
                             cmd.version : 6.1.3.42                                          
                            cmd.web.port : 1841                                              
                     config.skipDownload : true                                              
                      config.skipInherit : false                                             
                        ext.license.name : commercial                                        
                     framework.build.dir : ${package.output.base}                            
                     framework.classpath : ${package.dir}/src                                
                    framework.cmd.minver : 6.0.1.75                                          
                   framework.cmd.version : 6.0.1.75                                          
                 framework.compatVersion : 6.0.0                                             
                    framework.config.dir : C:\Users\petzoldt\bin\Sencha\Cmd\6.1.3.42\plugins\ext\current
                       framework.creator : Sencha                                            
           framework.detailedDescription : Sencha Ext JS JavaScript Framework                
                           framework.dir : C:\SenchaTraining\ext-6-premium\ext               
                  framework.example.apps : admin-dashboard,executive-dashboard,kitchensink,classic/charts-kitchensink,classic/desktop,classic/ticket-app,classic/portal,classic/simple-tasks,classic/responsive-app,classic/aria,modern/addressbook,modern/blackberry,modern/energy,modern/stockapp,modern/states,modern/geocongress,modern/oreilly
                framework.example.apps.0 : admin-dashboard                                   
                framework.example.apps.1 : executive-dashboard                               
               framework.example.apps.10 : modern/addressbook                                
               framework.example.apps.11 : modern/blackberry                                 
               framework.example.apps.12 : modern/energy                                     
               framework.example.apps.13 : modern/stockapp                                   
               framework.example.apps.14 : modern/states                                     
               framework.example.apps.15 : modern/geocongress                                
               framework.example.apps.16 : modern/oreilly                                    
                framework.example.apps.2 : kitchensink                                       
                framework.example.apps.3 : classic/charts-kitchensink                        
                framework.example.apps.4 : classic/desktop                                   
                framework.example.apps.5 : classic/ticket-app                                
                framework.example.apps.6 : classic/portal                                    
                framework.example.apps.7 : classic/simple-tasks                              
                framework.example.apps.8 : classic/responsive-app                            
                framework.example.apps.9 : classic/aria                                      
           framework.example.apps.length : 17                                                
                  framework.example.path : examples,templates                                
                framework.example.path.0 : examples                                          
                framework.example.path.1 : templates                                         
           framework.example.path.length : 2                                                 
                        framework.format : 1                                                 
                          framework.isV5 : true                                              
                          framework.isV6 : true                                              
                          framework.name : ext                                               
                     framework.namespace : Ext                                               
                        framework.output : ${package.dir}/build                              
                     framework.overrides : ${package.dir}/overrides                          
                  framework.packages.dir : C:\SenchaTraining\ext-6-premium\ext/packages/,C:\SenchaTraining\ext-6-premium\ext/modern
                framework.resource.paths : resources                                         
              framework.resource.paths.0 : resources                                         
         framework.resource.paths.length : 1                                                 
                      framework.sass.etc : ${package.dir}/sass/etc/all.scss                  
                  framework.sass.fashion : true                                              
                framework.sass.namespace : Ext                                               
                      framework.sass.src : ${package.dir}/sass/src                           
                      framework.sass.var : ${package.dir}/sass/var                           
                       framework.subpkgs : classic/classic,modern/modern,packages/charts,packages/amf,packages/soap,packages/ux,packages/legacy,packages/font-awesome,packages/font-pictos,packages/font-ext
                     framework.subpkgs.0 : classic/classic                                   
                     framework.subpkgs.1 : modern/modern                                     
                     framework.subpkgs.2 : packages/charts                                   
                     framework.subpkgs.3 : packages/amf                                      
                     framework.subpkgs.4 : packages/soap                                     
                     framework.subpkgs.5 : packages/ux                                       
                     framework.subpkgs.6 : packages/legacy                                   
                     framework.subpkgs.7 : packages/font-awesome                             
                     framework.subpkgs.8 : packages/font-pictos                              
                     framework.subpkgs.9 : packages/font-ext                                 
                framework.subpkgs.length : 10                                                
                       framework.summary : Ext JS                                            
                          framework.type : framework                                         
                       framework.version : 6.0.1.250                                         
                       inspector.address : http://localhost:1839/                            
                    package.sass.dynamic : true                                              
                          repo.local.dir : C:\Users\petzoldt\bin\Sencha\Cmd\repo             
        system.java.net.useSystemProxies : true                                              
                        theme.base.names : theme-base,theme-neptune,theme-triton             
                     theme.base.packages : C:\SenchaTraining\ext-6-premium\ext\modern\theme-base,C:\SenchaTraining\ext-6-premium\ext\modern\theme-neptune,C:\SenchaTraining\ext-6-premium\ext\modern\theme-triton
                              theme.name : theme-triton                                      
                            toolkit.name : modern                                            
                          workspace.apps : earthquakes,iss                                   
                        workspace.apps.0 : earthquakes                                       
                        workspace.apps.1 : iss                                               
                   workspace.apps.length : 2                                                 
                     workspace.build.dir : C:\SenchaTraining\ext-6-premium/build             
                   workspace.cmd.version : 6.1.3.42                                          
                    workspace.config.dir : C:\SenchaTraining\ext-6-premium\.sencha\workspace 
                           workspace.dir : C:\SenchaTraining\ext-6-premium                   
           workspace.frameworks.ext.path : C:\SenchaTraining\ext-6-premium\ext               
                  workspace.packages.dir : C:\SenchaTraining\ext-6-premium/packages/local,C:\SenchaTraining\ext-6-premium/packages
              workspace.packages.extract : C:\SenchaTraining\ext-6-premium/packages/remote   
                     workspace.theme.dir : C:\SenchaTraining\ext-6-premium/packages/local,C:\SenchaTraining\ext-6-premium/packages/${args.themeName}

Exception information:
=======================
java.lang.NullPointerException
     at java.io.File.<init>(Unknown Source)
     at com.sencha.util.FileUtil.readFile(FileUtil.java:158)
     at com.sencha.tools.compiler.jsb.projects.JsbBuilder.processBuild(JsbBuilder.java:29)
     at com.sencha.command.build.JsbCommand.execute(JsbCommand.java:15)
     at sun.reflect.NativeMethodAccessorImpl.invoke0(Native Method)
     at sun.reflect.NativeMethodAccessorImpl.invoke(Unknown Source)
     at sun.reflect.DelegatingMethodAccessorImpl.invoke(Unknown Source)
     at java.lang.reflect.Method.invoke(Unknown Source)
     at com.sencha.util.MethodInvoker$Arguments.invoke(MethodInvoker.java:175)
     at com.sencha.cli.Command.dispatch(Command.java:43)
     at com.sencha.cli.Commands.dispatch(Commands.java:64)
     at com.sencha.command.Sencha.dispatch(Sencha.java:79)
     at com.sencha.command.Sencha.main(Sencha.java:147)
     at sun.reflect.NativeMethodAccessorImpl.invoke0(Native Method)
     at sun.reflect.NativeMethodAccessorImpl.invoke(Unknown Source)
     at sun.reflect.DelegatingMethodAccessorImpl.invoke(Unknown Source)
     at java.lang.reflect.Method.invoke(Unknown Source)
     at com.exe4j.runtime.LauncherEngine.launch(Unknown Source)
     at com.exe4j.runtime.WinLauncher.main(Unknown Source)
     at com.install4j.runtime.launcher.WinLauncher.main(Unknown Source)

